Started GET "/signup" for 127.0.0.1 at 2018-03-19 14:27:30 -0700
  
ActiveRecord::PendingMigrationError (

Migrations are pending. To resolve this issue, run:

        bin/rails db:migrate RAILS_ENV=development

):
  
activerecord (5.1.5) lib/active_record/migration.rb:576:in `check_pending!'
activerecord (5.1.5) lib/active_record/migration.rb:553:in `call'
actionpack (5.1.5) lib/action_dispatch/middleware/callbacks.rb:26:in `block in call'
activesupport (5.1.5) lib/active_support/callbacks.rb:97:in `run_callbacks'
actionpack (5.1.5) lib/action_dispatch/middleware/callbacks.rb:24:in `call'
actionpack (5.1.5) lib/action_dispatch/middleware/executor.rb:12:in `call'
actionpack (5.1.5) lib/action_dispatch/middleware/debug_exceptions.rb:59:in `call'
web-console (3.5.1) lib/web_console/middleware.rb:135:in `call_app'
web-console (3.5.1) lib/web_console/middleware.rb:28:in `block in call'
web-console (3.5.1) lib/web_console/middleware.rb:18:in `catch'
web-console (3.5.1) lib/web_console/middleware.rb:18:in `call'
actionpack (5.1.5) lib/action_dispatch/middleware/show_exceptions.rb:31:in `call'
railties (5.1.5) lib/rails/rack/logger.rb:36:in `call_app'
railties (5.1.5) lib/rails/rack/logger.rb:24:in `block in call'
activesupport (5.1.5) lib/active_support/tagged_logging.rb:69:in `block in tagged'
activesupport (5.1.5) lib/active_support/tagged_logging.rb:26:in `tagged'
activesupport (5.1.5) lib/active_support/tagged_logging.rb:69:in `tagged'
railties (5.1.5) lib/rails/rack/logger.rb:24:in `call'
sprockets-rails (3.2.1) lib/sprockets/rails/quiet_assets.rb:13:in `call'
actionpack (5.1.5) lib/action_dispatch/middleware/remote_ip.rb:79:in `call'
actionpack (5.1.5) lib/action_dispatch/middleware/request_id.rb:25:in `call'
rack (2.0.4) lib/rack/method_override.rb:22:in `call'
rack (2.0.4) lib/rack/runtime.rb:22:in `call'
activesupport (5.1.5) lib/active_support/cache/strategy/local_cache_middleware.rb:27:in `call'
actionpack (5.1.5) lib/action_dispatch/middleware/executor.rb:12:in `call'
actionpack (5.1.5) lib/action_dispatch/middleware/static.rb:125:in `call'
rack (2.0.4) lib/rack/sendfile.rb:111:in `call'
railties (5.1.5) lib/rails/engine.rb:522:in `call'
puma (3.11.3) lib/puma/configuration.rb:225:in `call'
puma (3.11.3) lib/puma/server.rb:624:in `handle_request'
puma (3.11.3) lib/puma/server.rb:438:in `process_client'
puma (3.11.3) lib/puma/server.rb:302:in `block in run'
puma (3.11.3) lib/puma/thread_pool.rb:120:in `block in spawn_thread'
  [1m[35m (0.1ms)[0m  [1m[34mSELECT sqlite_version(*)[0m
  [1m[35m (2.8ms)[0m  [1m[35mCREATE TABLE "schema_migrations" ("version" varchar NOT NULL PRIMARY KEY)[0m
  [1m[35m (1.9ms)[0m  [1m[35mCREATE TABLE "ar_internal_metadata" ("key" varchar NOT NULL PRIMARY KEY, "value" varchar, "created_at" datetime NOT NULL, "updated_at" datetime NOT NULL)[0m
  [1m[35m (0.1ms)[0m  [1m[34mSELECT "schema_migrations"."version" FROM "schema_migrations" ORDER BY "schema_migrations"."version" ASC[0m
Migrating to CreateUsers (20180213230243)
  [1m[35m (0.1ms)[0m  [1m[36mbegin transaction[0m
  [1m[35m (0.4ms)[0m  [1m[35mCREATE TABLE "users" ("id" INTEGER PRIMARY KEY AUTOINCREMENT NOT NULL, "firstname" varchar, "lastname" varchar, "username" varchar, "password" varchar, "gender" varchar, "role" varchar, "location" varchar, "created_at" datetime NOT NULL, "updated_at" datetime NOT NULL)[0m
  [1m[35mSQL (0.2ms)[0m  [1m[32mINSERT INTO "schema_migrations" ("version") VALUES (?)[0m  [["version", "20180213230243"]]
  [1m[35m (1.1ms)[0m  [1m[36mcommit transaction[0m
Migrating to AddPasswordDigestToUsers (20180301023359)
  [1m[35m (0.0ms)[0m  [1m[36mbegin transaction[0m
  [1m[35m (0.4ms)[0m  [1m[35mALTER TABLE "users" ADD "password_digest" varchar[0m
  [1m[35mSQL (0.1ms)[0m  [1m[32mINSERT INTO "schema_migrations" ("version") VALUES (?)[0m  [["version", "20180301023359"]]
  [1m[35m (1.0ms)[0m  [1m[36mcommit transaction[0m
Migrating to CreateTutorSessions (20180301032748)
  [1m[35m (0.1ms)[0m  [1m[36mbegin transaction[0m
  [1m[35m (0.4ms)[0m  [1m[35mCREATE TABLE "tutor_sessions" ("id" INTEGER PRIMARY KEY AUTOINCREMENT NOT NULL, "subject" varchar, "date" datetime, "user_id" integer, "created_at" datetime NOT NULL, "updated_at" datetime NOT NULL, CONSTRAINT "fk_rails_9e7570250f"
FOREIGN KEY ("user_id")
  REFERENCES "users" ("id")
)[0m
  [1m[35m (0.1ms)[0m  [1m[35mCREATE  INDEX "index_tutor_sessions_on_user_id" ON "tutor_sessions" ("user_id")[0m
  [1m[35m (0.1ms)[0m  [1m[34m            SELECT sql
            FROM sqlite_master
            WHERE name='index_tutor_sessions_on_user_id' AND type='index'
            UNION ALL
            SELECT sql
            FROM sqlite_temp_master
            WHERE name='index_tutor_sessions_on_user_id' AND type='index'
[0m
  [1m[35m (0.1ms)[0m  [1m[35mCREATE  INDEX "index_tutor_sessions_on_user_id_and_created_at" ON "tutor_sessions" ("user_id", "created_at")[0m
  [1m[35mSQL (0.2ms)[0m  [1m[32mINSERT INTO "schema_migrations" ("version") VALUES (?)[0m  [["version", "20180301032748"]]
  [1m[35m (1.4ms)[0m  [1m[36mcommit transaction[0m
  [1m[36mActiveRecord::InternalMetadata Load (0.1ms)[0m  [1m[34mSELECT  "ar_internal_metadata".* FROM "ar_internal_metadata" WHERE "ar_internal_metadata"."key" = ? LIMIT ?[0m  [["key", "environment"], ["LIMIT", 1]]
  [1m[35m (0.0ms)[0m  [1m[36mbegin transaction[0m
  [1m[35mSQL (0.3ms)[0m  [1m[32mINSERT INTO "ar_internal_metadata" ("key", "value", "created_at", "updated_at") VALUES (?, ?, ?, ?)[0m  [["key", "environment"], ["value", "development"], ["created_at", "2018-03-19 21:27:46.854307"], ["updated_at", "2018-03-19 21:27:46.854307"]]
  [1m[35m (1.3ms)[0m  [1m[36mcommit transaction[0m
  [1m[35m (0.1ms)[0m  [1m[34mSELECT "schema_migrations"."version" FROM "schema_migrations" ORDER BY "schema_migrations"."version" ASC[0m
  [1m[35m (0.1ms)[0m  [1m[34m            SELECT sql
            FROM sqlite_master
            WHERE name='index_tutor_sessions_on_user_id_and_created_at' AND type='index'
            UNION ALL
            SELECT sql
            FROM sqlite_temp_master
            WHERE name='index_tutor_sessions_on_user_id_and_created_at' AND type='index'
[0m
  [1m[35m (0.1ms)[0m  [1m[34m            SELECT sql
            FROM sqlite_master
            WHERE name='index_tutor_sessions_on_user_id' AND type='index'
            UNION ALL
            SELECT sql
            FROM sqlite_temp_master
            WHERE name='index_tutor_sessions_on_user_id' AND type='index'
[0m
Started GET "/signup" for 127.0.0.1 at 2018-03-19 14:28:06 -0700
  [1m[35m (0.3ms)[0m  [1m[34mSELECT "schema_migrations"."version" FROM "schema_migrations" ORDER BY "schema_migrations"."version" ASC[0m
Processing by UsersController#new as HTML
  Rendering users/new.html.erb within layouts/application
  [1m[36mUser Load (0.2ms)[0m  [1m[34mSELECT  "users".* FROM "users" WHERE "users"."id" IS NULL LIMIT ?[0m  [["LIMIT", 1]]
  Rendered layouts/_header.html.erb (2.1ms)
  Rendered users/new.html.erb within layouts/application (139.0ms)
Completed 200 OK in 950ms (Views: 905.1ms | ActiveRecord: 1.7ms)


Started GET "/" for 127.0.0.1 at 2018-03-19 14:28:13 -0700
Processing by WelcomeController#index as HTML
  Rendering welcome/index.html.erb within layouts/application
  [1m[36mUser Load (0.3ms)[0m  [1m[34mSELECT  "users".* FROM "users" WHERE "users"."id" IS NULL LIMIT ?[0m  [["LIMIT", 1]]
  Rendered layouts/_header.html.erb (3.9ms)
  [1m[36mCACHE User Load (0.0ms)[0m  [1m[34mSELECT  "users".* FROM "users" WHERE "users"."id" IS NULL LIMIT ?[0m  [["LIMIT", 1]]
  Rendered welcome/index.html.erb within layouts/application (9.3ms)
Completed 200 OK in 96ms (Views: 92.4ms | ActiveRecord: 0.4ms)


Started POST "/login" for 127.0.0.1 at 2018-03-19 14:28:21 -0700
Processing by SessionsController#create as HTML
  Parameters: {"utf8"=>"✓", "authenticity_token"=>"P34kpRktbkhbW0MmHlJeFCmI8HLODG9xdJ5j9aEeeFQpk3cdwixX2V7NgcyhE1fbr6XCp/QBwl07S0Ke0Q6Yfw==", "user"=>{"username"=>"rhung@t4c.com", "password"=>"[FILTERED]"}, "commit"=>"Log in"}
  [1m[36mUser Load (0.2ms)[0m  [1m[34mSELECT  "users".* FROM "users" WHERE "users"."username" = ? LIMIT ?[0m  [["username", "rhung@t4c.com"], ["LIMIT", 1]]
  Rendering welcome/index.html.erb within layouts/application
  [1m[36mUser Load (0.2ms)[0m  [1m[34mSELECT  "users".* FROM "users" WHERE "users"."id" IS NULL LIMIT ?[0m  [["LIMIT", 1]]
  Rendered layouts/_header.html.erb (1.6ms)
  [1m[36mCACHE User Load (0.0ms)[0m  [1m[34mSELECT  "users".* FROM "users" WHERE "users"."id" IS NULL LIMIT ?[0m  [["LIMIT", 1]]
  Rendered welcome/index.html.erb within layouts/application (5.0ms)
Completed 200 OK in 27ms (Views: 23.4ms | ActiveRecord: 0.4ms)


Started POST "/login" for 127.0.0.1 at 2018-03-19 14:28:37 -0700
Processing by SessionsController#create as HTML
  Parameters: {"utf8"=>"✓", "authenticity_token"=>"3ph0atbbyItiQUQ1LrC2FwwstkdwQ5PTTf1GbPL8RdKUp8sU9K7adlRGql1Iy8vuSR+ZQAePgMQwgCLLE4HSHA==", "user"=>{"username"=>"jsmith@email.com", "password"=>"[FILTERED]"}, "commit"=>"Log in"}
  [1m[36mUser Load (0.1ms)[0m  [1m[34mSELECT  "users".* FROM "users" WHERE "users"."username" = ? LIMIT ?[0m  [["username", "jsmith@email.com"], ["LIMIT", 1]]
  Rendering welcome/index.html.erb within layouts/application
  [1m[36mUser Load (0.2ms)[0m  [1m[34mSELECT  "users".* FROM "users" WHERE "users"."id" IS NULL LIMIT ?[0m  [["LIMIT", 1]]
  Rendered layouts/_header.html.erb (1.8ms)
  [1m[36mCACHE User Load (0.0ms)[0m  [1m[34mSELECT  "users".* FROM "users" WHERE "users"."id" IS NULL LIMIT ?[0m  [["LIMIT", 1]]
  Rendered welcome/index.html.erb within layouts/application (6.3ms)
Completed 200 OK in 34ms (Views: 32.1ms | ActiveRecord: 0.3ms)


Started GET "/signup" for 127.0.0.1 at 2018-03-19 14:29:24 -0700
Processing by UsersController#new as HTML
  Rendering users/new.html.erb within layouts/application
  [1m[36mUser Load (0.3ms)[0m  [1m[34mSELECT  "users".* FROM "users" WHERE "users"."id" IS NULL LIMIT ?[0m  [["LIMIT", 1]]
  Rendered layouts/_header.html.erb (2.4ms)
  Rendered users/new.html.erb within layouts/application (14.2ms)
Completed 200 OK in 61ms (Views: 57.9ms | ActiveRecord: 0.3ms)


Started POST "/signup" for 127.0.0.1 at 2018-03-19 14:29:52 -0700
Processing by UsersController#create as HTML
  Parameters: {"utf8"=>"✓", "authenticity_token"=>"mdpqUUXUNRUjSFoAPcfcvl+5YVDGq/e7aTrmQUJVygtQnShLA6nJno8uMossh/+vmqAU62lYzVJT0qWAh39TZA==", "user"=>{"firstname"=>"Ronnie", "lastname"=>"Hung", "gender"=>"female", "location"=>"coquitlam", "role"=>"Student", "username"=>"ronniehung@email.com", "password"=>"[FILTERED]"}, "commit"=>"Sign Up"}
  [1m[35m (0.1ms)[0m  [1m[36mbegin transaction[0m
  [1m[36mUser Exists (0.2ms)[0m  [1m[34mSELECT  1 AS one FROM "users" WHERE LOWER("users"."username") = LOWER(?) LIMIT ?[0m  [["username", "ronniehung@email.com"], ["LIMIT", 1]]
  [1m[35mSQL (0.4ms)[0m  [1m[32mINSERT INTO "users" ("firstname", "lastname", "username", "gender", "role", "location", "created_at", "updated_at", "password_digest") VALUES (?, ?, ?, ?, ?, ?, ?, ?, ?)[0m  [["firstname", "Ronnie"], ["lastname", "Hung"], ["username", "ronniehung@email.com"], ["gender", "female"], ["role", "Student"], ["location", "coquitlam"], ["created_at", "2018-03-19 21:29:52.489188"], ["updated_at", "2018-03-19 21:29:52.489188"], ["password_digest", "$2a$10$VOcYlyBJwxBM9ra8.77m3OngrSNYr17YkPT15I77Q7H969gn7iB/S"]]
  [1m[35m (1.0ms)[0m  [1m[36mcommit transaction[0m
Redirected to http://localhost:3000/users/1
Completed 302 Found in 74ms (ActiveRecord: 1.6ms)


Started GET "/users/1" for 127.0.0.1 at 2018-03-19 14:29:52 -0700
Processing by UsersController#show as HTML
  Parameters: {"id"=>"1"}
  [1m[36mUser Load (0.2ms)[0m  [1m[34mSELECT  "users".* FROM "users" WHERE "users"."id" = ? LIMIT ?[0m  [["id", 1], ["LIMIT", 1]]
  [1m[36mUser Load (0.1ms)[0m  [1m[34mSELECT  "users".* FROM "users" WHERE "users"."id" = ? LIMIT ?[0m  [["id", 1], ["LIMIT", 1]]
  Rendering users/show.html.erb within layouts/application
  Rendered layouts/_header.html.erb (0.9ms)
  [1m[35m (0.2ms)[0m  [1m[34mSELECT COUNT(*) FROM "tutor_sessions" WHERE "tutor_sessions"."user_id" = ?[0m  [["user_id", 1]]
  [1m[36mTutorSession Exists (0.2ms)[0m  [1m[34mSELECT  1 AS one FROM "tutor_sessions" WHERE "tutor_sessions"."user_id" = ? LIMIT ?[0m  [["user_id", 1], ["LIMIT", 1]]
  Rendered users/show.html.erb within layouts/application (11.9ms)
Completed 200 OK in 68ms (Views: 33.0ms | ActiveRecord: 2.0ms)


  [1m[35m (0.1ms)[0m  [1m[34mSELECT "schema_migrations"."version" FROM "schema_migrations" ORDER BY "schema_migrations"."version" ASC[0m
Migrating to RemovePasswordColumn (20180319213226)
  [1m[35m (0.1ms)[0m  [1m[36mbegin transaction[0m
  [1m[35m (0.0ms)[0m  [1m[34mSELECT sqlite_version(*)[0m
  [1m[35m (0.2ms)[0m  [1m[35mCREATE TEMPORARY TABLE "ausers" ("id" integer NOT NULL PRIMARY KEY, "firstname" varchar DEFAULT NULL, "lastname" varchar DEFAULT NULL, "username" varchar DEFAULT NULL, "password" varchar DEFAULT NULL, "gender" varchar DEFAULT NULL, "role" varchar DEFAULT NULL, "location" varchar DEFAULT NULL, "created_at" datetime NOT NULL, "updated_at" datetime NOT NULL, "password_digest" varchar DEFAULT NULL)[0m
  [1m[35m (0.1ms)[0m  [1m[32mINSERT INTO "ausers" ("id","firstname","lastname","username","password","gender","role","location","created_at","updated_at","password_digest")
                     SELECT "id","firstname","lastname","username","password","gender","role","location","created_at","updated_at","password_digest" FROM "users"[0m
  [1m[35m (0.4ms)[0m  [1m[35mDROP TABLE "users"[0m
  [1m[35m (0.1ms)[0m  [1m[35mCREATE TABLE "users" ("id" integer NOT NULL PRIMARY KEY, "firstname" varchar DEFAULT NULL, "lastname" varchar DEFAULT NULL, "username" varchar DEFAULT NULL, "gender" varchar DEFAULT NULL, "role" varchar DEFAULT NULL, "location" varchar DEFAULT NULL, "created_at" datetime NOT NULL, "updated_at" datetime NOT NULL, "password_digest" varchar DEFAULT NULL)[0m
  [1m[35m (0.1ms)[0m  [1m[32mINSERT INTO "users" ("id","firstname","lastname","username","gender","role","location","created_at","updated_at","password_digest")
                     SELECT "id","firstname","lastname","username","gender","role","location","created_at","updated_at","password_digest" FROM "ausers"[0m
  [1m[35m (0.1ms)[0m  [1m[35mDROP TABLE "ausers"[0m
  [1m[35mSQL (0.2ms)[0m  [1m[32mINSERT INTO "schema_migrations" ("version") VALUES (?)[0m  [["version", "20180319213226"]]
  [1m[35m (2.4ms)[0m  [1m[36mcommit transaction[0m
  [1m[36mActiveRecord::InternalMetadata Load (0.1ms)[0m  [1m[34mSELECT  "ar_internal_metadata".* FROM "ar_internal_metadata" WHERE "ar_internal_metadata"."key" = ? LIMIT ?[0m  [["key", "environment"], ["LIMIT", 1]]
  [1m[35m (0.1ms)[0m  [1m[36mbegin transaction[0m
  [1m[35m (0.0ms)[0m  [1m[36mcommit transaction[0m
  [1m[35m (0.1ms)[0m  [1m[34mSELECT "schema_migrations"."version" FROM "schema_migrations" ORDER BY "schema_migrations"."version" ASC[0m
  [1m[35m (0.1ms)[0m  [1m[34m            SELECT sql
            FROM sqlite_master
            WHERE name='index_tutor_sessions_on_user_id_and_created_at' AND type='index'
            UNION ALL
            SELECT sql
            FROM sqlite_temp_master
            WHERE name='index_tutor_sessions_on_user_id_and_created_at' AND type='index'
[0m
  [1m[35m (0.1ms)[0m  [1m[34m            SELECT sql
            FROM sqlite_master
            WHERE name='index_tutor_sessions_on_user_id' AND type='index'
            UNION ALL
            SELECT sql
            FROM sqlite_temp_master
            WHERE name='index_tutor_sessions_on_user_id' AND type='index'
[0m
Started GET "/users/1" for 127.0.0.1 at 2018-03-19 14:34:35 -0700
  [1m[35m (0.2ms)[0m  [1m[34mSELECT "schema_migrations"."version" FROM "schema_migrations" ORDER BY "schema_migrations"."version" ASC[0m
Processing by UsersController#show as HTML
  Parameters: {"id"=>"1"}
  [1m[36mUser Load (0.2ms)[0m  [1m[34mSELECT  "users".* FROM "users" WHERE "users"."id" = ? LIMIT ?[0m  [["id", 1], ["LIMIT", 1]]
  [1m[36mUser Load (0.1ms)[0m  [1m[34mSELECT  "users".* FROM "users" WHERE "users"."id" = ? LIMIT ?[0m  [["id", 1], ["LIMIT", 1]]
  Rendering users/show.html.erb within layouts/application
  Rendered layouts/_header.html.erb (0.9ms)
  [1m[35m (0.3ms)[0m  [1m[34mSELECT COUNT(*) FROM "tutor_sessions" WHERE "tutor_sessions"."user_id" = ?[0m  [["user_id", 1]]
  [1m[36mTutorSession Exists (0.2ms)[0m  [1m[34mSELECT  1 AS one FROM "tutor_sessions" WHERE "tutor_sessions"."user_id" = ? LIMIT ?[0m  [["user_id", 1], ["LIMIT", 1]]
  Rendered users/show.html.erb within layouts/application (20.7ms)
Completed 200 OK in 255ms (Views: 192.7ms | ActiveRecord: 2.0ms)


Started GET "/logout" for 127.0.0.1 at 2018-03-19 14:34:37 -0700
Processing by SessionsController#destroy as HTML
Redirected to http://localhost:3000/
Completed 302 Found in 1ms (ActiveRecord: 0.0ms)


Started GET "/" for 127.0.0.1 at 2018-03-19 14:34:37 -0700
Processing by WelcomeController#index as HTML
  Rendering welcome/index.html.erb within layouts/application
  [1m[36mUser Load (0.3ms)[0m  [1m[34mSELECT  "users".* FROM "users" WHERE "users"."id" IS NULL LIMIT ?[0m  [["LIMIT", 1]]
  Rendered layouts/_header.html.erb (18.4ms)
  [1m[36mCACHE User Load (0.1ms)[0m  [1m[34mSELECT  "users".* FROM "users" WHERE "users"."id" IS NULL LIMIT ?[0m  [["LIMIT", 1]]
  Rendered welcome/index.html.erb within layouts/application (54.2ms)
Completed 200 OK in 128ms (Views: 122.4ms | ActiveRecord: 2.2ms)


Started POST "/login" for 127.0.0.1 at 2018-03-19 14:34:45 -0700
Processing by SessionsController#create as HTML
  Parameters: {"utf8"=>"✓", "authenticity_token"=>"zkhn0GKNlCUCKe10U6yDSKL9FxC7HvVoeWdQJxxKngjYpTRouYyttAe/L57s7YqHJNAlxYETWEQ2snFMbFp+Iw==", "user"=>{"username"=>"ronniehung@email.com", "password"=>"[FILTERED]"}, "commit"=>"Log in"}
  [1m[36mUser Load (0.2ms)[0m  [1m[34mSELECT  "users".* FROM "users" WHERE "users"."username" = ? LIMIT ?[0m  [["username", "ronniehung@email.com"], ["LIMIT", 1]]
Redirected to http://localhost:3000/users/1
Completed 302 Found in 71ms (ActiveRecord: 0.2ms)


Started GET "/users/1" for 127.0.0.1 at 2018-03-19 14:34:46 -0700
Processing by UsersController#show as HTML
  Parameters: {"id"=>"1"}
  [1m[36mUser Load (0.2ms)[0m  [1m[34mSELECT  "users".* FROM "users" WHERE "users"."id" = ? LIMIT ?[0m  [["id", 1], ["LIMIT", 1]]
  [1m[36mUser Load (0.1ms)[0m  [1m[34mSELECT  "users".* FROM "users" WHERE "users"."id" = ? LIMIT ?[0m  [["id", 1], ["LIMIT", 1]]
  Rendering users/show.html.erb within layouts/application
  Rendered layouts/_header.html.erb (1.2ms)
  [1m[35m (0.2ms)[0m  [1m[34mSELECT COUNT(*) FROM "tutor_sessions" WHERE "tutor_sessions"."user_id" = ?[0m  [["user_id", 1]]
  [1m[36mTutorSession Exists (0.1ms)[0m  [1m[34mSELECT  1 AS one FROM "tutor_sessions" WHERE "tutor_sessions"."user_id" = ? LIMIT ?[0m  [["user_id", 1], ["LIMIT", 1]]
  Rendered users/show.html.erb within layouts/application (8.9ms)
Completed 200 OK in 50ms (Views: 46.0ms | ActiveRecord: 0.6ms)


Started GET "/users/1" for 127.0.0.1 at 2018-03-19 18:42:48 -0700
Processing by UsersController#show as HTML
  Parameters: {"id"=>"1"}
  [1m[36mUser Load (0.9ms)[0m  [1m[34mSELECT  "users".* FROM "users" WHERE "users"."id" = ? LIMIT ?[0m  [["id", 1], ["LIMIT", 1]]
  [1m[36mUser Load (0.4ms)[0m  [1m[34mSELECT  "users".* FROM "users" WHERE "users"."id" = ? LIMIT ?[0m  [["id", 1], ["LIMIT", 1]]
  Rendering users/show.html.erb within layouts/application
  Rendered users/show.html.erb within layouts/application (3.5ms)
Completed 500 Internal Server Error in 23ms (ActiveRecord: 1.3ms)


  
SyntaxError (/Users/ronniehung/Tutor_4_me/app/views/users/show.html.erb:40: syntax error, unexpected ')', expecting keyword_then or ';' or '\n'
=( if user.role == "Student" );@output_buffer.safe_append='
                              ^
/Users/ronniehung/Tutor_4_me/app/views/users/show.html.erb:42: syntax error, unexpected keyword_elsif, expecting ')'
'.freeze;   elsif user.role == "Tutor" 
                 ^
/Users/ronniehung/Tutor_4_me/app/views/users/show.html.erb:86: syntax error, unexpected keyword_ensure, expecting ')'
          ensure
                ^
/Users/ronniehung/Tutor_4_me/app/views/users/show.html.erb:88: syntax error, unexpected keyword_end, expecting ')'
          end
             ^):
  
app/views/users/show.html.erb:40: syntax error, unexpected ')', expecting keyword_then or ';' or '\n'
app/views/users/show.html.erb:42: syntax error, unexpected keyword_elsif, expecting ')'
app/views/users/show.html.erb:86: syntax error, unexpected keyword_ensure, expecting ')'
app/views/users/show.html.erb:88: syntax error, unexpected keyword_end, expecting ')'
Started GET "/users/1" for 127.0.0.1 at 2018-03-19 18:43:16 -0700
Processing by UsersController#show as HTML
  Parameters: {"id"=>"1"}
  [1m[36mUser Load (0.6ms)[0m  [1m[34mSELECT  "users".* FROM "users" WHERE "users"."id" = ? LIMIT ?[0m  [["id", 1], ["LIMIT", 1]]
  [1m[36mUser Load (0.2ms)[0m  [1m[34mSELECT  "users".* FROM "users" WHERE "users"."id" = ? LIMIT ?[0m  [["id", 1], ["LIMIT", 1]]
  Rendering users/show.html.erb within layouts/application
  Rendered users/show.html.erb within layouts/application (1.2ms)
Completed 500 Internal Server Error in 14ms (ActiveRecord: 0.8ms)


  
SyntaxError (/Users/ronniehung/Tutor_4_me/app/views/users/show.html.erb:40: syntax error, unexpected ')', expecting keyword_then or ';' or '\n'
( if @user.role == "Student" );@output_buffer.safe_append='
                              ^
/Users/ronniehung/Tutor_4_me/app/views/users/show.html.erb:42: syntax error, unexpected keyword_elsif, expecting ')'
'.freeze;   elsif @user.role == "Tutor" 
                 ^
/Users/ronniehung/Tutor_4_me/app/views/users/show.html.erb:86: syntax error, unexpected keyword_ensure, expecting ')'
          ensure
                ^
/Users/ronniehung/Tutor_4_me/app/views/users/show.html.erb:88: syntax error, unexpected keyword_end, expecting ')'
          end
             ^):
  
app/views/users/show.html.erb:40: syntax error, unexpected ')', expecting keyword_then or ';' or '\n'
app/views/users/show.html.erb:42: syntax error, unexpected keyword_elsif, expecting ')'
app/views/users/show.html.erb:86: syntax error, unexpected keyword_ensure, expecting ')'
app/views/users/show.html.erb:88: syntax error, unexpected keyword_end, expecting ')'
Started GET "/users/1" for 127.0.0.1 at 2018-03-19 18:44:19 -0700
Processing by UsersController#show as HTML
  Parameters: {"id"=>"1"}
  [1m[36mUser Load (0.2ms)[0m  [1m[34mSELECT  "users".* FROM "users" WHERE "users"."id" = ? LIMIT ?[0m  [["id", 1], ["LIMIT", 1]]
  [1m[36mUser Load (0.2ms)[0m  [1m[34mSELECT  "users".* FROM "users" WHERE "users"."id" = ? LIMIT ?[0m  [["id", 1], ["LIMIT", 1]]
  Rendering users/show.html.erb within layouts/application
  Rendered users/show.html.erb within layouts/application (1.0ms)
Completed 500 Internal Server Error in 10ms (ActiveRecord: 0.4ms)


  
SyntaxError (/Users/ronniehung/Tutor_4_me/app/views/users/show.html.erb:40: syntax error, unexpected ')', expecting keyword_then or ';' or '\n'
( if @user.role == "Student" );@output_buffer.safe_append='
                              ^
/Users/ronniehung/Tutor_4_me/app/views/users/show.html.erb:42: syntax error, unexpected keyword_elsif, expecting ')'
'.freeze;   elsif @user.role == "Tutor" 
                 ^
/Users/ronniehung/Tutor_4_me/app/views/users/show.html.erb:44: syntax error, unexpected keyword_end, expecting ')'
'.freeze;   end 
               ^
/Users/ronniehung/Tutor_4_me/app/views/users/show.html.erb:87: syntax error, unexpected keyword_ensure, expecting ')'
          ensure
                ^
/Users/ronniehung/Tutor_4_me/app/views/users/show.html.erb:89: syntax error, unexpected keyword_end, expecting ')'
          end
             ^):
  
app/views/users/show.html.erb:40: syntax error, unexpected ')', expecting keyword_then or ';' or '\n'
app/views/users/show.html.erb:42: syntax error, unexpected keyword_elsif, expecting ')'
app/views/users/show.html.erb:44: syntax error, unexpected keyword_end, expecting ')'
app/views/users/show.html.erb:87: syntax error, unexpected keyword_ensure, expecting ')'
app/views/users/show.html.erb:89: syntax error, unexpected keyword_end, expecting ')'
Started GET "/users/1" for 127.0.0.1 at 2018-03-19 18:45:53 -0700
Processing by UsersController#show as HTML
  Parameters: {"id"=>"1"}
  [1m[36mUser Load (0.2ms)[0m  [1m[34mSELECT  "users".* FROM "users" WHERE "users"."id" = ? LIMIT ?[0m  [["id", 1], ["LIMIT", 1]]
  [1m[36mUser Load (0.1ms)[0m  [1m[34mSELECT  "users".* FROM "users" WHERE "users"."id" = ? LIMIT ?[0m  [["id", 1], ["LIMIT", 1]]
  Rendering users/show.html.erb within layouts/application
  Rendered users/show.html.erb within layouts/application (1.0ms)
Completed 500 Internal Server Error in 10ms (ActiveRecord: 0.3ms)


  
SyntaxError (/Users/ronniehung/Tutor_4_me/app/views/users/show.html.erb:41: syntax error, unexpected ')', expecting keyword_then or ';' or '\n'
( if @user.role == "Student" );@output_buffer.safe_append='
                              ^
/Users/ronniehung/Tutor_4_me/app/views/users/show.html.erb:43: syntax error, unexpected keyword_elsif, expecting ')'
'.freeze;   elsif @user.role == "Tutor" 
                 ^
/Users/ronniehung/Tutor_4_me/app/views/users/show.html.erb:45: syntax error, unexpected keyword_end, expecting ')'
'.freeze;   end 
               ^
/Users/ronniehung/Tutor_4_me/app/views/users/show.html.erb:88: syntax error, unexpected keyword_ensure, expecting ')'
          ensure
                ^
/Users/ronniehung/Tutor_4_me/app/views/users/show.html.erb:90: syntax error, unexpected keyword_end, expecting ')'
          end
             ^):
  
app/views/users/show.html.erb:41: syntax error, unexpected ')', expecting keyword_then or ';' or '\n'
app/views/users/show.html.erb:43: syntax error, unexpected keyword_elsif, expecting ')'
app/views/users/show.html.erb:45: syntax error, unexpected keyword_end, expecting ')'
app/views/users/show.html.erb:88: syntax error, unexpected keyword_ensure, expecting ')'
app/views/users/show.html.erb:90: syntax error, unexpected keyword_end, expecting ')'
Started GET "/users/1" for 127.0.0.1 at 2018-03-19 18:45:59 -0700
Processing by UsersController#show as HTML
  Parameters: {"id"=>"1"}
  [1m[36mUser Load (0.3ms)[0m  [1m[34mSELECT  "users".* FROM "users" WHERE "users"."id" = ? LIMIT ?[0m  [["id", 1], ["LIMIT", 1]]
  [1m[36mUser Load (0.2ms)[0m  [1m[34mSELECT  "users".* FROM "users" WHERE "users"."id" = ? LIMIT ?[0m  [["id", 1], ["LIMIT", 1]]
  Rendering users/show.html.erb within layouts/application
  Rendered users/show.html.erb within layouts/application (1.1ms)
Completed 500 Internal Server Error in 11ms (ActiveRecord: 0.4ms)


  
SyntaxError (/Users/ronniehung/Tutor_4_me/app/views/users/show.html.erb:41: syntax error, unexpected ')', expecting keyword_then or ';' or '\n'
( if @user.role == "Student" );@output_buffer.safe_append='
                              ^
/Users/ronniehung/Tutor_4_me/app/views/users/show.html.erb:43: syntax error, unexpected keyword_elsif, expecting ')'
'.freeze;   elsif @user.role == "Tutor" 
                 ^
/Users/ronniehung/Tutor_4_me/app/views/users/show.html.erb:45: syntax error, unexpected keyword_end, expecting ')'
'.freeze;   end 
               ^
/Users/ronniehung/Tutor_4_me/app/views/users/show.html.erb:88: syntax error, unexpected keyword_ensure, expecting ')'
          ensure
                ^
/Users/ronniehung/Tutor_4_me/app/views/users/show.html.erb:90: syntax error, unexpected keyword_end, expecting ')'
          end
             ^):
  
app/views/users/show.html.erb:41: syntax error, unexpected ')', expecting keyword_then or ';' or '\n'
app/views/users/show.html.erb:43: syntax error, unexpected keyword_elsif, expecting ')'
app/views/users/show.html.erb:45: syntax error, unexpected keyword_end, expecting ')'
app/views/users/show.html.erb:88: syntax error, unexpected keyword_ensure, expecting ')'
app/views/users/show.html.erb:90: syntax error, unexpected keyword_end, expecting ')'
Started GET "/users/1" for 127.0.0.1 at 2018-03-19 18:46:11 -0700
Processing by UsersController#show as HTML
  Parameters: {"id"=>"1"}
  [1m[36mUser Load (0.2ms)[0m  [1m[34mSELECT  "users".* FROM "users" WHERE "users"."id" = ? LIMIT ?[0m  [["id", 1], ["LIMIT", 1]]
  [1m[36mUser Load (0.2ms)[0m  [1m[34mSELECT  "users".* FROM "users" WHERE "users"."id" = ? LIMIT ?[0m  [["id", 1], ["LIMIT", 1]]
  Rendering users/show.html.erb within layouts/application
  Rendered users/show.html.erb within layouts/application (1.0ms)
Completed 500 Internal Server Error in 10ms (ActiveRecord: 0.4ms)


  
SyntaxError (/Users/ronniehung/Tutor_4_me/app/views/users/show.html.erb:33: syntax error, unexpected ')', expecting keyword_then or ';' or '\n'
( if @user.role == "Student" );@output_buffer.safe_append='
                              ^
/Users/ronniehung/Tutor_4_me/app/views/users/show.html.erb:35: syntax error, unexpected keyword_elsif, expecting ')'
'.freeze;   elsif @user.role == "Tutor" 
                 ^
/Users/ronniehung/Tutor_4_me/app/views/users/show.html.erb:37: syntax error, unexpected keyword_end, expecting ')'
'.freeze;   end 
               ^
/Users/ronniehung/Tutor_4_me/app/views/users/show.html.erb:80: syntax error, unexpected keyword_ensure, expecting ')'
          ensure
                ^
/Users/ronniehung/Tutor_4_me/app/views/users/show.html.erb:82: syntax error, unexpected keyword_end, expecting ')'
          end
             ^):
  
app/views/users/show.html.erb:33: syntax error, unexpected ')', expecting keyword_then or ';' or '\n'
app/views/users/show.html.erb:35: syntax error, unexpected keyword_elsif, expecting ')'
app/views/users/show.html.erb:37: syntax error, unexpected keyword_end, expecting ')'
app/views/users/show.html.erb:80: syntax error, unexpected keyword_ensure, expecting ')'
app/views/users/show.html.erb:82: syntax error, unexpected keyword_end, expecting ')'
Started GET "/users/1" for 127.0.0.1 at 2018-03-19 18:46:30 -0700
Processing by UsersController#show as HTML
  Parameters: {"id"=>"1"}
  [1m[36mUser Load (0.2ms)[0m  [1m[34mSELECT  "users".* FROM "users" WHERE "users"."id" = ? LIMIT ?[0m  [["id", 1], ["LIMIT", 1]]
  [1m[36mUser Load (0.2ms)[0m  [1m[34mSELECT  "users".* FROM "users" WHERE "users"."id" = ? LIMIT ?[0m  [["id", 1], ["LIMIT", 1]]
  Rendering users/show.html.erb within layouts/application
  Rendered users/show.html.erb within layouts/application (1.3ms)
Completed 500 Internal Server Error in 11ms (ActiveRecord: 0.3ms)


  
SyntaxError (/Users/ronniehung/Tutor_4_me/app/views/users/show.html.erb:32: syntax error, unexpected ')', expecting keyword_then or ';' or '\n'
( if @user.role == "Student" );@output_buffer.safe_append='
                              ^
/Users/ronniehung/Tutor_4_me/app/views/users/show.html.erb:34: syntax error, unexpected keyword_elsif, expecting ')'
'.freeze;   elsif @user.role == "Tutor" 
                 ^
/Users/ronniehung/Tutor_4_me/app/views/users/show.html.erb:36: syntax error, unexpected keyword_end, expecting ')'
'.freeze;   end 
               ^
/Users/ronniehung/Tutor_4_me/app/views/users/show.html.erb:79: syntax error, unexpected keyword_ensure, expecting ')'
          ensure
                ^
/Users/ronniehung/Tutor_4_me/app/views/users/show.html.erb:81: syntax error, unexpected keyword_end, expecting ')'
          end
             ^):
  
app/views/users/show.html.erb:32: syntax error, unexpected ')', expecting keyword_then or ';' or '\n'
app/views/users/show.html.erb:34: syntax error, unexpected keyword_elsif, expecting ')'
app/views/users/show.html.erb:36: syntax error, unexpected keyword_end, expecting ')'
app/views/users/show.html.erb:79: syntax error, unexpected keyword_ensure, expecting ')'
app/views/users/show.html.erb:81: syntax error, unexpected keyword_end, expecting ')'
Started GET "/" for 127.0.0.1 at 2018-03-19 18:46:45 -0700
Processing by WelcomeController#index as HTML
  Rendering welcome/index.html.erb within layouts/application
  [1m[36mUser Load (0.3ms)[0m  [1m[34mSELECT  "users".* FROM "users" WHERE "users"."id" = ? LIMIT ?[0m  [["id", 1], ["LIMIT", 1]]
  Rendered layouts/_header.html.erb (2.6ms)
  Rendered welcome/index.html.erb within layouts/application (6.7ms)
Completed 200 OK in 57ms (Views: 52.6ms | ActiveRecord: 0.3ms)


Started GET "/users/1" for 127.0.0.1 at 2018-03-19 18:46:47 -0700
Processing by UsersController#show as HTML
  Parameters: {"id"=>"1"}
  [1m[36mUser Load (0.2ms)[0m  [1m[34mSELECT  "users".* FROM "users" WHERE "users"."id" = ? LIMIT ?[0m  [["id", 1], ["LIMIT", 1]]
  [1m[36mUser Load (0.2ms)[0m  [1m[34mSELECT  "users".* FROM "users" WHERE "users"."id" = ? LIMIT ?[0m  [["id", 1], ["LIMIT", 1]]
  Rendering users/show.html.erb within layouts/application
  Rendered users/show.html.erb within layouts/application (1.8ms)
Completed 500 Internal Server Error in 23ms (ActiveRecord: 0.4ms)


  
SyntaxError (/Users/ronniehung/Tutor_4_me/app/views/users/show.html.erb:32: syntax error, unexpected ')', expecting keyword_then or ';' or '\n'
( if @user.role == "Student" );@output_buffer.safe_append='
                              ^
/Users/ronniehung/Tutor_4_me/app/views/users/show.html.erb:34: syntax error, unexpected keyword_elsif, expecting ')'
'.freeze;   elsif @user.role == "Tutor" 
                 ^
/Users/ronniehung/Tutor_4_me/app/views/users/show.html.erb:36: syntax error, unexpected keyword_end, expecting ')'
'.freeze;   end 
               ^
/Users/ronniehung/Tutor_4_me/app/views/users/show.html.erb:79: syntax error, unexpected keyword_ensure, expecting ')'
          ensure
                ^
/Users/ronniehung/Tutor_4_me/app/views/users/show.html.erb:81: syntax error, unexpected keyword_end, expecting ')'
          end
             ^):
  
app/views/users/show.html.erb:32: syntax error, unexpected ')', expecting keyword_then or ';' or '\n'
app/views/users/show.html.erb:34: syntax error, unexpected keyword_elsif, expecting ')'
app/views/users/show.html.erb:36: syntax error, unexpected keyword_end, expecting ')'
app/views/users/show.html.erb:79: syntax error, unexpected keyword_ensure, expecting ')'
app/views/users/show.html.erb:81: syntax error, unexpected keyword_end, expecting ')'
Started GET "/users/1" for 127.0.0.1 at 2018-03-19 18:47:14 -0700
Processing by UsersController#show as HTML
  Parameters: {"id"=>"1"}
  [1m[36mUser Load (0.3ms)[0m  [1m[34mSELECT  "users".* FROM "users" WHERE "users"."id" = ? LIMIT ?[0m  [["id", 1], ["LIMIT", 1]]
  [1m[36mUser Load (0.2ms)[0m  [1m[34mSELECT  "users".* FROM "users" WHERE "users"."id" = ? LIMIT ?[0m  [["id", 1], ["LIMIT", 1]]
  Rendering users/show.html.erb within layouts/application
  Rendered users/show.html.erb within layouts/application (1.4ms)
Completed 500 Internal Server Error in 12ms (ActiveRecord: 0.5ms)


  
SyntaxError (/Users/ronniehung/Tutor_4_me/app/views/users/show.html.erb:41: syntax error, unexpected ')', expecting keyword_then or ';' or '\n'
( if @user.role == "Student" );@output_buffer.safe_append='
                              ^
/Users/ronniehung/Tutor_4_me/app/views/users/show.html.erb:43: syntax error, unexpected keyword_elsif, expecting ')'
'.freeze;   elsif @user.role == "Tutor" 
                 ^
/Users/ronniehung/Tutor_4_me/app/views/users/show.html.erb:45: syntax error, unexpected keyword_end, expecting ')'
'.freeze;   end 
               ^
/Users/ronniehung/Tutor_4_me/app/views/users/show.html.erb:88: syntax error, unexpected keyword_ensure, expecting ')'
          ensure
                ^
/Users/ronniehung/Tutor_4_me/app/views/users/show.html.erb:90: syntax error, unexpected keyword_end, expecting ')'
          end
             ^):
  
app/views/users/show.html.erb:41: syntax error, unexpected ')', expecting keyword_then or ';' or '\n'
app/views/users/show.html.erb:43: syntax error, unexpected keyword_elsif, expecting ')'
app/views/users/show.html.erb:45: syntax error, unexpected keyword_end, expecting ')'
app/views/users/show.html.erb:88: syntax error, unexpected keyword_ensure, expecting ')'
app/views/users/show.html.erb:90: syntax error, unexpected keyword_end, expecting ')'
Started GET "/users/1" for 127.0.0.1 at 2018-03-19 18:47:25 -0700
Processing by UsersController#show as HTML
  Parameters: {"id"=>"1"}
  [1m[36mUser Load (0.2ms)[0m  [1m[34mSELECT  "users".* FROM "users" WHERE "users"."id" = ? LIMIT ?[0m  [["id", 1], ["LIMIT", 1]]
  [1m[36mUser Load (0.1ms)[0m  [1m[34mSELECT  "users".* FROM "users" WHERE "users"."id" = ? LIMIT ?[0m  [["id", 1], ["LIMIT", 1]]
  Rendering users/show.html.erb within layouts/application
  Rendered layouts/_header.html.erb (0.8ms)
  [1m[35m (0.3ms)[0m  [1m[34mSELECT COUNT(*) FROM "tutor_sessions" WHERE "tutor_sessions"."user_id" = ?[0m  [["user_id", 1]]
  [1m[36mTutorSession Exists (0.2ms)[0m  [1m[34mSELECT  1 AS one FROM "tutor_sessions" WHERE "tutor_sessions"."user_id" = ? LIMIT ?[0m  [["user_id", 1], ["LIMIT", 1]]
  [1m[35mCACHE  (0.0ms)[0m  [1m[34mSELECT COUNT(*) FROM "tutor_sessions" WHERE "tutor_sessions"."user_id" = ?[0m  [["user_id", 1]]
  [1m[36mCACHE TutorSession Exists (0.0ms)[0m  [1m[34mSELECT  1 AS one FROM "tutor_sessions" WHERE "tutor_sessions"."user_id" = ? LIMIT ?[0m  [["user_id", 1], ["LIMIT", 1]]
  Rendered users/show.html.erb within layouts/application (13.2ms)
Completed 200 OK in 44ms (Views: 38.3ms | ActiveRecord: 0.8ms)


Started GET "/users/1" for 127.0.0.1 at 2018-03-19 18:48:00 -0700
Processing by UsersController#show as HTML
  Parameters: {"id"=>"1"}
  [1m[36mUser Load (0.2ms)[0m  [1m[34mSELECT  "users".* FROM "users" WHERE "users"."id" = ? LIMIT ?[0m  [["id", 1], ["LIMIT", 1]]
  [1m[36mUser Load (0.2ms)[0m  [1m[34mSELECT  "users".* FROM "users" WHERE "users"."id" = ? LIMIT ?[0m  [["id", 1], ["LIMIT", 1]]
  Rendering users/show.html.erb within layouts/application
  Rendered users/show.html.erb within layouts/application (1.0ms)
Completed 500 Internal Server Error in 10ms (ActiveRecord: 0.4ms)


  
SyntaxError (/Users/ronniehung/Tutor_4_me/app/views/users/show.html.erb:41: syntax error, unexpected ')', expecting keyword_then or ';' or '\n'
( if @user.role == "Student" );@output_buffer.safe_append='
                              ^
/Users/ronniehung/Tutor_4_me/app/views/users/show.html.erb:43: syntax error, unexpected keyword_elsif, expecting ')'
'.freeze;   elsif @user.role == "Tutor" 
                 ^
/Users/ronniehung/Tutor_4_me/app/views/users/show.html.erb:45: syntax error, unexpected keyword_end, expecting ')'
'.freeze;   end 
               ^
/Users/ronniehung/Tutor_4_me/app/views/users/show.html.erb:78: syntax error, unexpected keyword_ensure, expecting ')'
          ensure
                ^
/Users/ronniehung/Tutor_4_me/app/views/users/show.html.erb:80: syntax error, unexpected keyword_end, expecting ')'
          end
             ^):
  
app/views/users/show.html.erb:41: syntax error, unexpected ')', expecting keyword_then or ';' or '\n'
app/views/users/show.html.erb:43: syntax error, unexpected keyword_elsif, expecting ')'
app/views/users/show.html.erb:45: syntax error, unexpected keyword_end, expecting ')'
app/views/users/show.html.erb:78: syntax error, unexpected keyword_ensure, expecting ')'
app/views/users/show.html.erb:80: syntax error, unexpected keyword_end, expecting ')'
Started GET "/users/1" for 127.0.0.1 at 2018-03-19 18:48:10 -0700
Processing by UsersController#show as HTML
  Parameters: {"id"=>"1"}
  [1m[36mUser Load (0.2ms)[0m  [1m[34mSELECT  "users".* FROM "users" WHERE "users"."id" = ? LIMIT ?[0m  [["id", 1], ["LIMIT", 1]]
  [1m[36mUser Load (0.2ms)[0m  [1m[34mSELECT  "users".* FROM "users" WHERE "users"."id" = ? LIMIT ?[0m  [["id", 1], ["LIMIT", 1]]
  Rendering users/show.html.erb within layouts/application
  Rendered layouts/_header.html.erb (0.8ms)
  [1m[35m (0.2ms)[0m  [1m[34mSELECT COUNT(*) FROM "tutor_sessions" WHERE "tutor_sessions"."user_id" = ?[0m  [["user_id", 1]]
  [1m[36mTutorSession Exists (0.1ms)[0m  [1m[34mSELECT  1 AS one FROM "tutor_sessions" WHERE "tutor_sessions"."user_id" = ? LIMIT ?[0m  [["user_id", 1], ["LIMIT", 1]]
  Rendered users/show.html.erb within layouts/application (8.3ms)
Completed 200 OK in 38ms (Views: 34.1ms | ActiveRecord: 0.7ms)


Started GET "/users/1" for 127.0.0.1 at 2018-03-19 18:50:58 -0700
Processing by UsersController#show as HTML
  Parameters: {"id"=>"1"}
  [1m[36mUser Load (0.3ms)[0m  [1m[34mSELECT  "users".* FROM "users" WHERE "users"."id" = ? LIMIT ?[0m  [["id", 1], ["LIMIT", 1]]
  [1m[36mUser Load (0.5ms)[0m  [1m[34mSELECT  "users".* FROM "users" WHERE "users"."id" = ? LIMIT ?[0m  [["id", 1], ["LIMIT", 1]]
  Rendering users/show.html.erb within layouts/application
  Rendered layouts/_header.html.erb (1.1ms)
  [1m[35m (0.2ms)[0m  [1m[34mSELECT COUNT(*) FROM "tutor_sessions" WHERE "tutor_sessions"."user_id" = ?[0m  [["user_id", 1]]
  [1m[36mTutorSession Exists (0.1ms)[0m  [1m[34mSELECT  1 AS one FROM "tutor_sessions" WHERE "tutor_sessions"."user_id" = ? LIMIT ?[0m  [["user_id", 1], ["LIMIT", 1]]
  Rendered users/show.html.erb within layouts/application (9.5ms)
Completed 200 OK in 45ms (Views: 38.3ms | ActiveRecord: 1.1ms)


Started GET "/users/1" for 127.0.0.1 at 2018-03-19 18:51:44 -0700
Processing by UsersController#show as HTML
  Parameters: {"id"=>"1"}
  [1m[36mUser Load (0.2ms)[0m  [1m[34mSELECT  "users".* FROM "users" WHERE "users"."id" = ? LIMIT ?[0m  [["id", 1], ["LIMIT", 1]]
  [1m[36mUser Load (0.1ms)[0m  [1m[34mSELECT  "users".* FROM "users" WHERE "users"."id" = ? LIMIT ?[0m  [["id", 1], ["LIMIT", 1]]
  Rendering users/show.html.erb within layouts/application
  Rendered users/show.html.erb within layouts/application (1.3ms)
Completed 500 Internal Server Error in 14ms (ActiveRecord: 0.4ms)


  
SyntaxError (/Users/ronniehung/Tutor_4_me/app/views/users/show.html.erb:39: syntax error, unexpected ')', expecting keyword_then or ';' or '\n'
( if @user.role == "Student" );@output_buffer.safe_append='
                              ^
/Users/ronniehung/Tutor_4_me/app/views/users/show.html.erb:41: syntax error, unexpected keyword_elsif
;@output_buffer.append=( elsif @user.role == "Tutor" );@outp
                              ^
/Users/ronniehung/Tutor_4_me/app/views/users/show.html.erb:43: syntax error, unexpected keyword_end
ze;@output_buffer.append=( end );@output_buffer.safe_append=
                              ^
/Users/ronniehung/Tutor_4_me/app/views/users/show.html.erb:76: syntax error, unexpected keyword_ensure, expecting ')'
          ensure
                ^
/Users/ronniehung/Tutor_4_me/app/views/users/show.html.erb:78: syntax error, unexpected keyword_end, expecting ')'
          end
             ^):
  
app/views/users/show.html.erb:39: syntax error, unexpected ')', expecting keyword_then or ';' or '\n'
app/views/users/show.html.erb:41: syntax error, unexpected keyword_elsif
app/views/users/show.html.erb:43: syntax error, unexpected keyword_end
app/views/users/show.html.erb:76: syntax error, unexpected keyword_ensure, expecting ')'
app/views/users/show.html.erb:78: syntax error, unexpected keyword_end, expecting ')'
Started GET "/users/1" for 127.0.0.1 at 2018-03-19 18:53:11 -0700
Processing by UsersController#show as HTML
  Parameters: {"id"=>"1"}
  [1m[36mUser Load (0.3ms)[0m  [1m[34mSELECT  "users".* FROM "users" WHERE "users"."id" = ? LIMIT ?[0m  [["id", 1], ["LIMIT", 1]]
  [1m[36mUser Load (0.2ms)[0m  [1m[34mSELECT  "users".* FROM "users" WHERE "users"."id" = ? LIMIT ?[0m  [["id", 1], ["LIMIT", 1]]
  Rendering users/show.html.erb within layouts/application
  Rendered users/show.html.erb within layouts/application (1.0ms)
Completed 500 Internal Server Error in 13ms (ActiveRecord: 0.6ms)


  
SyntaxError (/Users/ronniehung/Tutor_4_me/app/views/users/show.html.erb:39: syntax error, unexpected ')', expecting keyword_then or ';' or '\n'
( if @user.role == "Student" );@output_buffer.safe_append='
                              ^
/Users/ronniehung/Tutor_4_me/app/views/users/show.html.erb:41: syntax error, unexpected keyword_elsif
;@output_buffer.append=( elsif @user.role == "Tutor" );@outp
                              ^
/Users/ronniehung/Tutor_4_me/app/views/users/show.html.erb:43: syntax error, unexpected keyword_end
ze;@output_buffer.append=( end );@output_buffer.safe_append=
                              ^
/Users/ronniehung/Tutor_4_me/app/views/users/show.html.erb:76: syntax error, unexpected keyword_ensure, expecting ')'
          ensure
                ^
/Users/ronniehung/Tutor_4_me/app/views/users/show.html.erb:78: syntax error, unexpected keyword_end, expecting ')'
          end
             ^):
  
app/views/users/show.html.erb:39: syntax error, unexpected ')', expecting keyword_then or ';' or '\n'
app/views/users/show.html.erb:41: syntax error, unexpected keyword_elsif
app/views/users/show.html.erb:43: syntax error, unexpected keyword_end
app/views/users/show.html.erb:76: syntax error, unexpected keyword_ensure, expecting ')'
app/views/users/show.html.erb:78: syntax error, unexpected keyword_end, expecting ')'
Started GET "/users/1" for 127.0.0.1 at 2018-03-19 18:54:10 -0700
Processing by UsersController#show as HTML
  Parameters: {"id"=>"1"}
  [1m[36mUser Load (0.4ms)[0m  [1m[34mSELECT  "users".* FROM "users" WHERE "users"."id" = ? LIMIT ?[0m  [["id", 1], ["LIMIT", 1]]
  [1m[36mUser Load (0.3ms)[0m  [1m[34mSELECT  "users".* FROM "users" WHERE "users"."id" = ? LIMIT ?[0m  [["id", 1], ["LIMIT", 1]]
  Rendering users/show.html.erb within layouts/application
  Rendered users/show.html.erb within layouts/application (1.3ms)
Completed 500 Internal Server Error in 17ms (ActiveRecord: 0.7ms)


  
SyntaxError (/Users/ronniehung/Tutor_4_me/app/views/users/show.html.erb:41: syntax error, unexpected keyword_elsif
;@output_buffer.append=( elsif @user.role == "Tutor" );@outp
                              ^):
  
app/views/users/show.html.erb:41: syntax error, unexpected keyword_elsif
Started GET "/users/1" for 127.0.0.1 at 2018-03-19 18:54:45 -0700
Processing by UsersController#show as HTML
  Parameters: {"id"=>"1"}
  [1m[36mUser Load (0.3ms)[0m  [1m[34mSELECT  "users".* FROM "users" WHERE "users"."id" = ? LIMIT ?[0m  [["id", 1], ["LIMIT", 1]]
  [1m[36mUser Load (0.3ms)[0m  [1m[34mSELECT  "users".* FROM "users" WHERE "users"."id" = ? LIMIT ?[0m  [["id", 1], ["LIMIT", 1]]
  Rendering users/show.html.erb within layouts/application
  Rendered layouts/_header.html.erb (0.7ms)
  [1m[35m (0.2ms)[0m  [1m[34mSELECT COUNT(*) FROM "tutor_sessions" WHERE "tutor_sessions"."user_id" = ?[0m  [["user_id", 1]]
  [1m[36mTutorSession Exists (0.1ms)[0m  [1m[34mSELECT  1 AS one FROM "tutor_sessions" WHERE "tutor_sessions"."user_id" = ? LIMIT ?[0m  [["user_id", 1], ["LIMIT", 1]]
  Rendered users/show.html.erb within layouts/application (8.1ms)
Completed 200 OK in 40ms (Views: 32.6ms | ActiveRecord: 0.9ms)


